2020-01-02 03:39:56,159 parameters
2020-01-02 03:39:56,159 {'debug': False, 'epoch': 100, 'batch_size': 8, 'num_layer': 4, 'node_dim': 512, 'edge_dim': 256, 'triplet_dim': 96, 'gpu': 0, 'seed': 1048}
2020-01-02 03:40:11,494 train moles: ['dsgdb9nsd_042563', 'dsgdb9nsd_040076', 'dsgdb9nsd_095954', 'dsgdb9nsd_007633', 'dsgdb9nsd_127459'] ...
2020-01-02 03:40:11,494 valid moles: ['dsgdb9nsd_000007', 'dsgdb9nsd_000010', 'dsgdb9nsd_000023', 'dsgdb9nsd_000030', 'dsgdb9nsd_000046'] ...
2020-01-02 03:40:13,199 train data: (4195707, 10)
2020-01-02 03:40:13,199 valid data: (462440, 10)
2020-01-02 03:40:13,203 test data: (2505542, 5)
2020-01-02 03:41:05,886 parameters
2020-01-02 03:41:05,886 {'debug': False, 'epoch': 100, 'batch_size': 8, 'num_layer': 4, 'node_dim': 512, 'edge_dim': 256, 'triplet_dim': 96, 'gpu': 0, 'seed': 1048}
2020-01-02 03:41:22,333 train moles: ['dsgdb9nsd_042563', 'dsgdb9nsd_040076', 'dsgdb9nsd_095954', 'dsgdb9nsd_007633', 'dsgdb9nsd_127459'] ...
2020-01-02 03:41:22,334 valid moles: ['dsgdb9nsd_000007', 'dsgdb9nsd_000010', 'dsgdb9nsd_000023', 'dsgdb9nsd_000030', 'dsgdb9nsd_000046'] ...
2020-01-02 03:41:24,224 train data: (4195707, 10)
2020-01-02 03:41:24,225 valid data: (462440, 10)
2020-01-02 03:41:24,225 test data: (2505542, 5)
2020-01-02 03:50:17,464 parameters
2020-01-02 03:50:17,464 {'debug': False, 'epoch': 100, 'batch_size': 8, 'num_layer': 4, 'node_dim': 512, 'edge_dim': 256, 'triplet_dim': 96, 'gpu': 0, 'seed': 1048}
2020-01-02 03:50:30,930 train moles: ['dsgdb9nsd_042563', 'dsgdb9nsd_040076', 'dsgdb9nsd_095954', 'dsgdb9nsd_007633', 'dsgdb9nsd_127459'] ...
2020-01-02 03:50:30,930 valid moles: ['dsgdb9nsd_000007', 'dsgdb9nsd_000010', 'dsgdb9nsd_000023', 'dsgdb9nsd_000030', 'dsgdb9nsd_000046'] ...
2020-01-02 03:50:32,424 train data: (4195707, 10)
2020-01-02 03:50:32,424 valid data: (462440, 10)
2020-01-02 03:50:32,424 test data: (2505542, 5)
2020-01-02 03:55:55,124 parameters
2020-01-02 03:55:55,124 {'debug': False, 'epoch': 100, 'batch_size': 8, 'num_layer': 4, 'node_dim': 512, 'edge_dim': 256, 'triplet_dim': 96, 'gpu': 0, 'seed': 1048}
2020-01-02 03:56:08,338 train moles: ['dsgdb9nsd_042563', 'dsgdb9nsd_040076', 'dsgdb9nsd_095954', 'dsgdb9nsd_007633', 'dsgdb9nsd_127459'] ...
2020-01-02 03:56:08,338 valid moles: ['dsgdb9nsd_000007', 'dsgdb9nsd_000010', 'dsgdb9nsd_000023', 'dsgdb9nsd_000030', 'dsgdb9nsd_000046'] ...
2020-01-02 03:56:09,793 train data: (4195707, 10)
2020-01-02 03:56:09,793 valid data: (462440, 10)
2020-01-02 03:56:09,793 test data: (2505542, 5)
2020-01-02 04:20:36,797 parameters
2020-01-02 04:20:36,798 {'debug': False, 'epoch': 100, 'batch_size': 8, 'num_layer': 4, 'node_dim': 512, 'edge_dim': 256, 'triplet_dim': 96, 'gpu': 0, 'seed': 1048}
2020-01-02 04:20:50,185 train moles: ['dsgdb9nsd_042563', 'dsgdb9nsd_040076', 'dsgdb9nsd_095954', 'dsgdb9nsd_007633', 'dsgdb9nsd_127459'] ...
2020-01-02 04:20:50,185 valid moles: ['dsgdb9nsd_000007', 'dsgdb9nsd_000010', 'dsgdb9nsd_000023', 'dsgdb9nsd_000030', 'dsgdb9nsd_000046'] ...
2020-01-02 04:20:51,632 train data: (4195707, 10)
2020-01-02 04:20:51,632 valid data: (462440, 10)
2020-01-02 04:20:51,632 test data: (2505542, 5)
2020-01-02 13:02:44,629 parameters
2020-01-02 13:02:44,630 {'debug': False, 'epoch': 100, 'batch_size': 8, 'num_layer': 4, 'node_dim': 512, 'edge_dim': 256, 'triplet_dim': 96, 'gpu': 0, 'seed': 1048}
2020-01-02 13:03:07,885 train moles: ['dsgdb9nsd_042563', 'dsgdb9nsd_040076', 'dsgdb9nsd_095954', 'dsgdb9nsd_007633', 'dsgdb9nsd_127459'] ...
2020-01-02 13:03:07,885 valid moles: ['dsgdb9nsd_000007', 'dsgdb9nsd_000010', 'dsgdb9nsd_000023', 'dsgdb9nsd_000030', 'dsgdb9nsd_000046'] ...
2020-01-02 13:03:10,565 train data: (4195707, 10)
2020-01-02 13:03:10,565 valid data: (462440, 10)
2020-01-02 13:03:10,565 test data: (2505542, 5)
2020-01-02 13:35:46,647 transfer model to GPU 0
2020-01-02 14:01:06,360 parameters
2020-01-02 14:01:06,360 {'debug': False, 'epoch': 100, 'batch_size': 8, 'num_layer': 4, 'node_dim': 512, 'edge_dim': 256, 'triplet_dim': 96, 'gpu': 0, 'seed': 1048}
2020-01-02 14:01:28,236 train moles: ['dsgdb9nsd_042563', 'dsgdb9nsd_040076', 'dsgdb9nsd_095954', 'dsgdb9nsd_007633', 'dsgdb9nsd_127459'] ...
2020-01-02 14:01:28,237 valid moles: ['dsgdb9nsd_000007', 'dsgdb9nsd_000010', 'dsgdb9nsd_000023', 'dsgdb9nsd_000030', 'dsgdb9nsd_000046'] ...
2020-01-02 14:01:31,068 train data: (4195707, 10)
2020-01-02 14:01:31,068 valid data: (462440, 10)
2020-01-02 14:01:31,069 test data: (2505542, 5)
2020-01-02 14:40:16,666 transfer model to GPU 0
2020-01-02 14:40:29,306 
2020-01-02 14:40:29,306 
2020-01-02 14:40:29,306 start epoch 0
2020-01-02 14:40:29,306 
2020-01-02 14:40:29,307 
2020-01-02 14:40:29,307 training
2020-01-02 16:22:58,608 train loss: 1.334
2020-01-02 16:22:58,609 
2020-01-02 16:22:58,609 validation
2020-01-02 16:27:54,874 valid mae (fc): 0.694
2020-01-02 16:27:54,874 valid mae (sd): 0.030
2020-01-02 16:27:54,874 valid mae (pso): 0.055
2020-01-02 16:27:54,874 valid mae (dso): 0.091
2020-01-02 16:27:54,875 valid mae (ALL): 0.705
2020-01-02 16:27:54,875 valid score: -0.589
2020-01-02 16:27:54,875 change learning rate: 0.000475
2020-01-02 16:27:54,875 
2020-01-02 16:27:54,875 
2020-01-02 16:27:54,875 start epoch 1
2020-01-02 16:27:54,875 
2020-01-02 16:27:54,875 
2020-01-02 16:27:54,876 training
2020-01-02 18:09:02,915 train loss: 0.633
2020-01-02 18:09:02,915 
2020-01-02 18:09:02,916 validation
2020-01-02 18:13:57,143 valid mae (fc): 0.451
2020-01-02 18:13:57,144 valid mae (sd): 0.017
2020-01-02 18:13:57,144 valid mae (pso): 0.030
2020-01-02 18:13:57,144 valid mae (dso): 0.024
2020-01-02 18:13:57,144 valid mae (ALL): 0.451
2020-01-02 18:13:57,144 valid score: -0.997
2020-01-02 18:13:57,144 change learning rate: 0.000451
2020-01-02 18:13:57,145 
2020-01-02 18:13:57,145 
2020-01-02 18:13:57,145 start epoch 2
2020-01-02 18:13:57,145 
2020-01-02 18:13:57,145 
2020-01-02 18:13:57,145 training
2020-01-02 19:53:10,361 train loss: 0.488
2020-01-02 19:53:10,361 
2020-01-02 19:53:10,362 validation
2020-01-02 19:58:02,544 valid mae (fc): 0.344
2020-01-02 19:58:02,544 valid mae (sd): 0.015
2020-01-02 19:58:02,545 valid mae (pso): 0.024
2020-01-02 19:58:02,545 valid mae (dso): 0.015
2020-01-02 19:58:02,545 valid mae (ALL): 0.345
2020-01-02 19:58:02,545 valid score: -1.253
2020-01-02 19:58:02,545 change learning rate: 0.000429
2020-01-02 19:58:02,545 
2020-01-02 19:58:02,545 
2020-01-02 19:58:02,545 start epoch 3
2020-01-02 19:58:02,546 
2020-01-02 19:58:02,546 
2020-01-02 19:58:02,546 training
2020-01-02 21:36:02,432 train loss: 0.414
2020-01-02 21:36:02,433 
2020-01-02 21:36:02,433 validation
2020-01-02 21:40:54,203 valid mae (fc): 0.570
2020-01-02 21:40:54,204 valid mae (sd): 0.011
2020-01-02 21:40:54,204 valid mae (pso): 0.023
2020-01-02 21:40:54,204 valid mae (dso): 0.015
2020-01-02 21:40:54,204 valid mae (ALL): 0.565
2020-01-02 21:40:54,204 valid score: -1.112
2020-01-02 21:40:54,204 change learning rate: 0.000407
2020-01-02 21:40:54,204 
2020-01-02 21:40:54,205 
2020-01-02 21:40:54,205 start epoch 4
2020-01-02 21:40:54,205 
2020-01-02 21:40:54,205 
2020-01-02 21:40:54,205 training
2020-01-02 23:18:04,146 train loss: 0.369
2020-01-02 23:18:04,146 
2020-01-02 23:18:04,146 validation
2020-01-02 23:22:58,330 valid mae (fc): 0.306
2020-01-02 23:22:58,330 valid mae (sd): 0.010
2020-01-02 23:22:58,330 valid mae (pso): 0.029
2020-01-02 23:22:58,330 valid mae (dso): 0.026
2020-01-02 23:22:58,330 valid mae (ALL): 0.308
2020-01-02 23:22:58,331 valid score: -1.329
2020-01-02 23:22:58,331 change learning rate: 0.000387
2020-01-02 23:22:58,331 
2020-01-02 23:22:58,331 
2020-01-02 23:22:58,331 start epoch 5
2020-01-02 23:22:58,331 
2020-01-02 23:22:58,331 
2020-01-02 23:22:58,331 training
2020-01-03 05:45:18,339 parameters
2020-01-03 05:45:18,340 {'debug': False, 'epoch': 5, 'batch_size': 8, 'num_layer': 4, 'node_dim': 512, 'edge_dim': 256, 'triplet_dim': 96, 'gpu': 0, 'seed': 1048}
2020-01-03 05:45:41,218 train moles: ['dsgdb9nsd_042563', 'dsgdb9nsd_040076', 'dsgdb9nsd_095954', 'dsgdb9nsd_007633', 'dsgdb9nsd_127459'] ...
2020-01-03 05:45:41,218 valid moles: ['dsgdb9nsd_000007', 'dsgdb9nsd_000010', 'dsgdb9nsd_000023', 'dsgdb9nsd_000030', 'dsgdb9nsd_000046'] ...
2020-01-03 05:45:44,078 train data: (4195707, 10)
2020-01-03 05:45:44,079 valid data: (462440, 10)
2020-01-03 05:45:44,079 test data: (2505542, 5)
2020-01-03 06:21:31,229 transfer model to GPU 0
2020-01-03 06:21:31,511 
2020-01-03 06:21:31,511 
2020-01-03 06:21:31,512 start epoch 0
2020-01-03 06:21:31,512 
2020-01-03 06:21:31,512 
2020-01-03 06:21:31,512 training
2020-01-03 07:58:58,822 train loss: 1.281
2020-01-03 07:58:58,822 
2020-01-03 07:58:58,822 validation
2020-01-03 08:03:57,413 valid mae (fc): 0.595
2020-01-03 08:03:57,413 valid mae (sd): 0.021
2020-01-03 08:03:57,413 valid mae (pso): 0.043
2020-01-03 08:03:57,414 valid mae (dso): 0.048
2020-01-03 08:03:57,414 valid mae (ALL): 0.590
2020-01-03 08:03:57,414 valid score: -0.728
2020-01-03 08:03:57,414 change learning rate: 0.000475
2020-01-03 08:03:57,414 
2020-01-03 08:03:57,414 
2020-01-03 08:03:57,414 start epoch 1
2020-01-03 08:03:57,414 
2020-01-03 08:03:57,415 
2020-01-03 08:03:57,415 training
2020-01-03 09:40:07,614 train loss: 0.611
2020-01-03 09:40:07,615 
2020-01-03 09:40:07,615 validation
2020-01-03 09:44:49,385 valid mae (fc): 0.435
2020-01-03 09:44:49,385 valid mae (sd): 0.028
2020-01-03 09:44:49,385 valid mae (pso): 0.031
2020-01-03 09:44:49,385 valid mae (dso): 0.023
2020-01-03 09:44:49,386 valid mae (ALL): 0.436
2020-01-03 09:44:49,386 valid score: -1.019
2020-01-03 09:44:49,386 change learning rate: 0.000451
2020-01-03 09:44:49,386 
2020-01-03 09:44:49,386 
2020-01-03 09:44:49,386 start epoch 2
2020-01-03 09:44:49,386 
2020-01-03 09:44:49,386 
2020-01-03 09:44:49,386 training
2020-01-03 11:20:35,539 train loss: 0.472
2020-01-03 11:20:35,539 
2020-01-03 11:20:35,540 validation
2020-01-03 11:25:25,967 valid mae (fc): 0.349
2020-01-03 11:25:25,967 valid mae (sd): 0.011
2020-01-03 11:25:25,968 valid mae (pso): 0.027
2020-01-03 11:25:25,968 valid mae (dso): 0.018
2020-01-03 11:25:25,968 valid mae (ALL): 0.350
2020-01-03 11:25:25,968 valid score: -1.237
2020-01-03 11:25:25,968 change learning rate: 0.000429
2020-01-03 11:25:25,968 
2020-01-03 11:25:25,968 
2020-01-03 11:25:25,969 start epoch 3
2020-01-03 11:25:25,969 
2020-01-03 11:25:25,969 
2020-01-03 11:25:25,969 training
2020-01-03 13:00:01,553 train loss: 0.403
2020-01-03 13:00:01,553 
2020-01-03 13:00:01,553 validation
2020-01-03 13:04:49,923 valid mae (fc): 0.301
2020-01-03 13:04:49,923 valid mae (sd): 0.023
2020-01-03 13:04:49,923 valid mae (pso): 0.022
2020-01-03 13:04:49,923 valid mae (dso): 0.012
2020-01-03 13:04:49,924 valid mae (ALL): 0.305
2020-01-03 13:04:49,924 valid score: -1.385
2020-01-03 13:04:49,924 change learning rate: 0.000407
2020-01-03 13:04:49,924 
2020-01-03 13:04:49,924 
2020-01-03 13:04:49,924 start epoch 4
2020-01-03 13:04:49,924 
2020-01-03 13:04:49,924 
2020-01-03 13:04:49,925 training
2020-01-03 14:38:18,449 train loss: 0.358
2020-01-03 14:38:18,449 
2020-01-03 14:38:18,449 validation
2020-01-03 14:43:02,906 valid mae (fc): 0.287
2020-01-03 14:43:02,907 valid mae (sd): 0.012
2020-01-03 14:43:02,907 valid mae (pso): 0.021
2020-01-03 14:43:02,907 valid mae (dso): 0.016
2020-01-03 14:43:02,908 valid mae (ALL): 0.287
2020-01-03 14:43:02,908 valid score: -1.414
2020-01-03 14:43:02,908 change learning rate: 0.000387
2020-01-03 14:43:02,908 Elapsed time 537.7 [min]
2020-01-04 03:49:56,173 parameters
2020-01-04 03:49:56,173 {'debug': False, 'epoch': 1, 'batch_size': 8, 'num_layer': 4, 'node_dim': 512, 'edge_dim': 256, 'triplet_dim': 96, 'gpu': 0, 'seed': 1048}
2020-01-04 03:50:15,336 train moles: ['dsgdb9nsd_042563', 'dsgdb9nsd_040076', 'dsgdb9nsd_095954', 'dsgdb9nsd_007633', 'dsgdb9nsd_127459'] ...
2020-01-04 03:50:15,337 valid moles: ['dsgdb9nsd_000007', 'dsgdb9nsd_000010', 'dsgdb9nsd_000023', 'dsgdb9nsd_000030', 'dsgdb9nsd_000046'] ...
2020-01-04 03:50:17,939 train data: (4195707, 10)
2020-01-04 03:50:17,940 valid data: (462440, 10)
2020-01-04 03:50:17,940 test data: (2505542, 5)
2020-01-04 03:53:44,873 parameters
2020-01-04 03:53:44,873 {'debug': False, 'epoch': 1, 'batch_size': 8, 'num_layer': 4, 'node_dim': 512, 'edge_dim': 256, 'triplet_dim': 96, 'gpu': -1, 'seed': 1048}
2020-01-04 03:54:03,889 train moles: ['dsgdb9nsd_042563', 'dsgdb9nsd_040076', 'dsgdb9nsd_095954', 'dsgdb9nsd_007633', 'dsgdb9nsd_127459'] ...
2020-01-04 03:54:03,890 valid moles: ['dsgdb9nsd_000007', 'dsgdb9nsd_000010', 'dsgdb9nsd_000023', 'dsgdb9nsd_000030', 'dsgdb9nsd_000046'] ...
2020-01-04 03:54:06,693 train data: (4195707, 10)
2020-01-04 03:54:06,693 valid data: (462440, 10)
2020-01-04 03:54:06,693 test data: (2505542, 5)
2020-01-04 04:25:45,234 
2020-01-04 04:25:45,235 
2020-01-04 04:25:45,235 start epoch 0
2020-01-04 04:25:45,235 
2020-01-04 04:25:45,235 
2020-01-04 04:25:45,235 training
2020-01-04 04:59:50,631 parameters
2020-01-04 04:59:50,631 {'debug': False, 'epoch': 1, 'batch_size': 8, 'num_layer': 4, 'node_dim': 512, 'edge_dim': 256, 'triplet_dim': 96, 'gpu': 0, 'seed': 1048}
2020-01-04 05:00:10,595 train moles: ['dsgdb9nsd_042563', 'dsgdb9nsd_040076', 'dsgdb9nsd_095954', 'dsgdb9nsd_007633', 'dsgdb9nsd_127459'] ...
2020-01-04 05:00:10,596 valid moles: ['dsgdb9nsd_000007', 'dsgdb9nsd_000010', 'dsgdb9nsd_000023', 'dsgdb9nsd_000030', 'dsgdb9nsd_000046'] ...
2020-01-04 05:00:13,053 train data: (4195707, 10)
2020-01-04 05:00:13,054 valid data: (462440, 10)
2020-01-04 05:00:13,055 test data: (2505542, 5)
2020-01-04 05:33:06,007 transfer model to GPU 0
2020-01-04 05:33:06,144 
2020-01-04 05:33:06,144 
2020-01-04 05:33:06,144 start epoch 0
2020-01-04 05:33:06,145 
2020-01-04 05:33:06,145 
2020-01-04 05:33:06,145 training
2020-01-04 18:18:34,293 parameters
2020-01-04 18:18:34,294 {'debug': False, 'epoch': 7, 'batch_size': 8, 'num_layer': 4, 'node_dim': 512, 'edge_dim': 256, 'triplet_dim': 96, 'gpu': 0, 'seed': 1048}
2020-01-04 18:18:57,119 train moles: ['dsgdb9nsd_042563', 'dsgdb9nsd_040076', 'dsgdb9nsd_095954', 'dsgdb9nsd_007633', 'dsgdb9nsd_127459'] ...
2020-01-04 18:18:57,119 valid moles: ['dsgdb9nsd_000007', 'dsgdb9nsd_000010', 'dsgdb9nsd_000023', 'dsgdb9nsd_000030', 'dsgdb9nsd_000046'] ...
2020-01-04 18:19:00,005 train data: (4195707, 10)
2020-01-04 18:19:00,005 valid data: (462440, 10)
2020-01-04 18:19:00,006 test data: (2505542, 5)
2020-01-04 18:20:37,630 parameters
2020-01-04 18:20:37,630 {'debug': False, 'epoch': 7, 'batch_size': 8, 'num_layer': 4, 'node_dim': 512, 'edge_dim': 256, 'triplet_dim': 96, 'gpu': 0, 'seed': 1048}
2020-01-04 18:20:57,407 train moles: ['dsgdb9nsd_042563', 'dsgdb9nsd_040076', 'dsgdb9nsd_095954', 'dsgdb9nsd_007633', 'dsgdb9nsd_127459'] ...
2020-01-04 18:20:57,407 valid moles: ['dsgdb9nsd_000007', 'dsgdb9nsd_000010', 'dsgdb9nsd_000023', 'dsgdb9nsd_000030', 'dsgdb9nsd_000046'] ...
2020-01-04 18:21:00,530 train data: (4195707, 10)
2020-01-04 18:21:00,531 valid data: (462440, 10)
2020-01-04 18:21:00,531 test data: (2505542, 5)
2020-01-04 18:52:00,604 transfer model to GPU 0
2020-01-04 18:52:00,881 
2020-01-04 18:52:00,882 
2020-01-04 18:52:00,882 start epoch 0
2020-01-04 18:52:00,882 
2020-01-04 18:52:00,882 
2020-01-04 18:52:00,882 training
2020-01-04 20:21:55,143 train loss: 1.312
2020-01-04 20:21:55,144 
2020-01-04 20:21:55,144 validation
2020-01-04 20:26:11,393 valid mae (fc): 0.799
2020-01-04 20:26:11,393 valid mae (sd): 0.024
2020-01-04 20:26:11,393 valid mae (pso): 0.041
2020-01-04 20:26:11,393 valid mae (dso): 0.024
2020-01-04 20:26:11,393 valid mae (ALL): 0.795
2020-01-04 20:26:11,393 valid score: -0.495
2020-01-04 20:26:11,393 change learning rate: 0.000475
2020-01-04 20:26:11,394 save model
2020-01-04 20:26:13,578 
2020-01-04 20:26:13,578 test
2020-01-04 20:48:49,383 
2020-01-04 20:48:49,383 
2020-01-04 20:48:49,383 start epoch 1
2020-01-04 20:48:49,383 
2020-01-04 20:48:49,383 
2020-01-04 20:48:49,383 training
2020-01-04 22:17:09,484 train loss: 0.630
2020-01-04 22:17:09,484 
2020-01-04 22:17:09,484 validation
2020-01-04 22:21:22,665 valid mae (fc): 0.542
2020-01-04 22:21:22,665 valid mae (sd): 0.013
2020-01-04 22:21:22,665 valid mae (pso): 0.038
2020-01-04 22:21:22,665 valid mae (dso): 0.031
2020-01-04 22:21:22,665 valid mae (ALL): 0.537
2020-01-04 22:21:22,665 valid score: -0.789
2020-01-04 22:21:22,665 change learning rate: 0.000451
2020-01-04 22:21:22,666 save model
2020-01-04 22:21:25,315 
2020-01-04 22:21:25,316 test
2020-01-04 22:44:07,303 
2020-01-04 22:44:07,304 
2020-01-04 22:44:07,304 start epoch 2
2020-01-04 22:44:07,304 
2020-01-04 22:44:07,305 
2020-01-04 22:44:07,305 training
2020-01-05 00:11:17,650 train loss: 0.498
2020-01-05 00:11:17,650 
2020-01-05 00:11:17,651 validation
2020-01-05 00:15:28,859 valid mae (fc): 0.401
2020-01-05 00:15:28,860 valid mae (sd): 0.014
2020-01-05 00:15:28,860 valid mae (pso): 0.032
2020-01-05 00:15:28,861 valid mae (dso): 0.037
2020-01-05 00:15:28,861 valid mae (ALL): 0.402
2020-01-05 00:15:28,861 valid score: -1.105
2020-01-05 00:15:28,861 change learning rate: 0.000429
2020-01-05 00:15:28,861 save model
2020-01-05 00:15:31,346 
2020-01-05 00:15:31,346 test
2020-01-05 00:37:46,043 
2020-01-05 00:37:46,043 
2020-01-05 00:37:46,043 start epoch 3
2020-01-05 00:37:46,044 
2020-01-05 00:37:46,044 
2020-01-05 00:37:46,044 training
2020-01-05 02:03:38,458 train loss: 0.426
2020-01-05 02:03:38,458 
2020-01-05 02:03:38,458 validation
2020-01-05 02:07:43,311 valid mae (fc): 0.356
2020-01-05 02:07:43,311 valid mae (sd): 0.020
2020-01-05 02:07:43,311 valid mae (pso): 0.029
2020-01-05 02:07:43,311 valid mae (dso): 0.016
2020-01-05 02:07:43,312 valid mae (ALL): 0.357
2020-01-05 02:07:43,312 valid score: -1.225
2020-01-05 02:07:43,312 change learning rate: 0.000407
2020-01-05 02:07:43,312 save model
2020-01-05 02:07:45,470 
2020-01-05 02:07:45,470 test
2020-01-05 02:29:48,939 
2020-01-05 02:29:48,939 
2020-01-05 02:29:48,940 start epoch 4
2020-01-05 02:29:48,940 
2020-01-05 02:29:48,940 
2020-01-05 02:29:48,940 training
2020-01-05 03:55:02,036 train loss: 0.381
2020-01-05 03:55:02,036 
2020-01-05 03:55:02,036 validation
2020-01-05 03:59:12,734 valid mae (fc): 0.409
2020-01-05 03:59:12,734 valid mae (sd): 0.014
2020-01-05 03:59:12,734 valid mae (pso): 0.022
2020-01-05 03:59:12,734 valid mae (dso): 0.017
2020-01-05 03:59:12,735 valid mae (ALL): 0.422
2020-01-05 03:59:12,735 valid score: -1.201
2020-01-05 03:59:12,735 change learning rate: 0.000387
2020-01-05 03:59:12,735 save model
2020-01-05 03:59:14,937 
2020-01-05 03:59:14,938 test
2020-01-05 04:21:28,514 
2020-01-05 04:21:28,514 
2020-01-05 04:21:28,514 start epoch 5
2020-01-05 04:21:28,514 
2020-01-05 04:21:28,515 
2020-01-05 04:21:28,515 training
2020-01-05 05:47:52,901 train loss: 0.345
2020-01-05 05:47:52,901 
2020-01-05 05:47:52,901 validation
2020-01-05 05:52:11,901 valid mae (fc): 0.288
2020-01-05 05:52:11,901 valid mae (sd): 0.029
2020-01-05 05:52:11,902 valid mae (pso): 0.021
2020-01-05 05:52:11,902 valid mae (dso): 0.013
2020-01-05 05:52:11,902 valid mae (ALL): 0.294
2020-01-05 05:52:11,902 valid score: -1.444
2020-01-05 05:52:11,902 change learning rate: 0.000368
2020-01-05 05:52:11,902 save model
2020-01-05 05:52:14,284 
2020-01-05 05:52:14,285 test
